<?xml version="1.0" encoding="UTF-8"?>
<testng-results ignored="0" total="1" passed="1" failed="0" skipped="0">
  <reporter-output>
  </reporter-output>
  <suite started-at="2024-10-18T15:07:35 IST" name="Default suite" finished-at="2024-10-18T15:07:35 IST" duration-ms="79">
    <groups>
    </groups>
    <test started-at="2024-10-18T15:07:35 IST" name="Default test" finished-at="2024-10-18T15:07:35 IST" duration-ms="79">
      <class name="JenkinsDemo.JenkinsPratice">
        <test-method signature="m1()[pri:0, instance:JenkinsDemo.JenkinsPratice@fba92d3]" started-at="2024-10-18T15:07:35 IST" name="m1" finished-at="2024-10-18T15:07:35 IST" duration-ms="17" status="PASS">
          <reporter-output>
          </reporter-output>
        </test-method> <!-- m1 -->
      </class> <!-- JenkinsDemo.JenkinsPratice -->
    </test> <!-- Default test -->
  </suite> <!-- Default suite -->
</testng-results>
